
19:48:46,627 INFO main nl.tudelft.rdfgears.engine.valuefactory.DiskValueFactory.<init>(DiskValueFactory.java:48) - DiskValueFactory
19:48:49,992 INFO main org.apache.jcs.engine.control.CompositeCacheManager.configure(CompositeCacheManager.java:205) - Creating cache manager from config file: /cache.ccf
19:48:50,003 INFO main org.apache.jcs.utils.threadpool.ThreadPoolManager.loadConfig(ThreadPoolManager.java:447) - thread_pool.default PoolConfiguration = useBoundary = [true] boundarySize = [2000] maximumPoolSize = [150] minimumPoolSize = [4] keepAliveTime = [300000] whenBlockedPolicy = [RUN] startUpSize = [4]
19:48:50,007 INFO main org.apache.jcs.engine.control.CompositeCacheConfigurator.setDefaultAuxValues(CompositeCacheConfigurator.java:161) - Setting default auxiliaries to DC
19:48:50,022 INFO main org.apache.jcs.engine.control.CompositeCacheConfigurator.setDefaultCompositeCacheAttributes(CompositeCacheConfigurator.java:176) - setting defaultCompositeCacheAttributes to [ useLateral = true, useRemote = true, useDisk = true, maxObjs = 10, maxSpoolPerRun = -1, diskUsagePattern = 0 ]
19:48:50,023 INFO main org.apache.jcs.engine.control.CompositeCacheConfigurator.parseElementAttributes(CompositeCacheConfigurator.java:447) - No special ElementAttribute class defined for key [jcs.default.elementattributes], using default class.
19:48:50,024 INFO main org.apache.jcs.engine.control.CompositeCacheConfigurator.setDefaultElementAttributes(CompositeCacheConfigurator.java:189) - setting defaultElementAttributes to [ IS_LATERAL = true, IS_SPOOL = true, IS_REMOTE = true, IS_ETERNAL = true, MaxLifeSeconds = -1, IdleTime = -1, CreateTime = 1352227730024, LastAccessTime = 1352227730024, getTimeToLiveSeconds() = -1, createTime = 1352227730024 ]
19:48:50,025 INFO main org.apache.jcs.engine.control.CompositeCacheConfigurator.parseRegions(CompositeCacheConfigurator.java:252) - Parsed regions []
19:48:50,026 INFO main org.apache.jcs.engine.control.CompositeCacheConfigurator.doConfigure(CompositeCacheConfigurator.java:144) - Finished configuration in 21 ms.
19:48:50,026 INFO main org.apache.jcs.engine.control.CompositeCacheConfigurator.parseElementAttributes(CompositeCacheConfigurator.java:447) - No special ElementAttribute class defined for key [jcs.region.gears.elementattributes], using default class.
19:48:50,047 INFO main org.apache.jcs.engine.memory.lru.LRUMemoryCache.initialize(LRUMemoryCache.java:88) - initialized LRUMemoryCache for gears
19:48:50,048 INFO main org.apache.jcs.engine.control.CompositeCache.<init>(CompositeCache.java:134) - Constructed cache with name [gears] and cache attributes [ useLateral = true, useRemote = true, useDisk = true, maxObjs = 10, maxSpoolPerRun = -1, diskUsagePattern = 0 ]
19:48:50,129 INFO main org.apache.jcs.auxiliary.disk.indexed.IndexedDiskCache.<init>(IndexedDiskCache.java:148) - Region [gears] Cache file root directory: /home/tomek/
19:48:50,132 INFO main org.apache.jcs.auxiliary.disk.indexed.IndexedDiskCache.initKeyMap(IndexedDiskCache.java:907) - Region [gears] Set maxKeySize to unlimited'
19:48:50,135 INFO main org.apache.jcs.auxiliary.disk.indexed.IndexedDiskCache.<init>(IndexedDiskCache.java:205) - Region [gears] Indexed Disk Cache is alive.
19:48:50,144 INFO main org.apache.jcs.engine.CacheEventQueue.put(CacheEventQueue.java:380) - Cache event queue created: CacheEventQueue [listenerId=-687000890, cacheName=gears]
19:48:50,494 ERROR main nl.tudelft.rdfgears.engine.diskvalues.valuemanager.JCSValueManager.fetchValue(JCSValueManager.java:43) - Element not found: 809
19:48:50,504 WARN main nl.tudelft.rdfgears.tests.TestWorkflowManuallyBuilt.testSimple2(TestWorkflowManuallyBuilt.java:286) - 
19:48:50,506 WARN main org.apache.jcs.auxiliary.disk.indexed.IndexedDiskCache.reset(IndexedDiskCache.java:833) - Region [gears] Reseting cache
19:48:50,518 INFO main org.apache.jcs.auxiliary.disk.indexed.IndexedDiskCache.initKeyMap(IndexedDiskCache.java:907) - Region [gears] Set maxKeySize to unlimited'
19:48:50,525 INFO main org.apache.jcs.engine.control.CompositeCache.dispose(CompositeCache.java:883) - In DISPOSE, [gears] fromRemote [false] 
Region Name = gears
HitCountRam = 2
HitCountAux = 0
---------------------------LRU Memory Cache
List Size = 0
Map Size = 0
Put Count = 402
Hit Count = 2
Miss Count = 1
---------------------------Indexed Disk Cache
Is Alive = true
Key Map Size = 0
Data File Length = 0
Hit Count = 0
Bytes Free = 0
Optimize Operation Count = 0
Times Optimized = 0
Recycle Count = 0
Recycle Bin Size = 0
Startup Size = 0
Purgatory Hits = 0
Purgatory Size = 0
Working = true
Alive = true
Empty = true
Size = 0
19:48:50,527 INFO main org.apache.jcs.engine.control.CompositeCache.dispose(CompositeCache.java:920) - In DISPOSE, [gears] auxiliary [org.apache.jcs.auxiliary.disk.indexed.IndexedDiskCache@a4d93e3]
19:48:50,528 INFO main org.apache.jcs.engine.control.CompositeCache.dispose(CompositeCache.java:938) - In DISPOSE, [gears] put 0 into auxiliary org.apache.jcs.auxiliary.disk.indexed.IndexedDiskCache@a4d93e3
19:48:50,660 INFO Thread-2 org.apache.jcs.auxiliary.disk.AbstractDiskCache$1.run(AbstractDiskCache.java:413) - No longer waiting for event queue to finish: Cache Event Queue
Working = true
Alive = true
Empty = true
Size = 0
19:48:50,661 INFO main org.apache.jcs.auxiliary.disk.AbstractDiskCache.dispose(AbstractDiskCache.java:428) - In dispose, destroying event queue.
19:48:50,663 INFO main org.apache.jcs.engine.CacheEventQueue.destroy(CacheEventQueue.java:235) - Destroying queue, stats =  Cache Event Queue
Working = true
Alive = false
Empty = true
Size = 0
19:48:50,664 INFO main org.apache.jcs.engine.CacheEventQueue.destroy(CacheEventQueue.java:252) - Cache event queue destroyed: CacheEventQueue [listenerId=-687000890, cacheName=gears]
19:48:50,664 WARN CacheEventQueue.QProcessor-gears org.apache.jcs.engine.CacheEventQueue$QProcessor.run(CacheEventQueue.java:558) - Interrupted while waiting for another event to come in before we die.
19:48:50,671 INFO IndexedDiskCache-DisposalThread org.apache.jcs.auxiliary.disk.indexed.IndexedDiskCache.disposeInternal(IndexedDiskCache.java:996) - Region [gears] Shutdown complete.
19:48:50,672 INFO main org.apache.jcs.engine.control.CompositeCache.dispose(CompositeCache.java:953) - In DISPOSE, [gears] disposing of memory cache.
19:48:50,672 INFO main org.apache.jcs.engine.memory.AbstractMemoryCache.dispose(AbstractMemoryCache.java:196) - Memory Cache dispose called.  Shutting down shrinker thread if it is running.
